<?xml version="1.0" encoding="UTF-8"?>
<testsuite xmlns:xsi="http://www.w3.org/2001/XMLSchema-instance" xsi:noNamespaceSchemaLocation="https://maven.apache.org/surefire/maven-surefire-plugin/xsd/surefire-test-report.xsd" version="3.0.2" name="com.practice.enroll.service.EnrollServiceSvcApplicationTests" time="1.2" tests="1" errors="0" skipped="0" failures="0">
  <properties>
[...]
</properties>
  <testcase name="contextLoads" classname="com.practice.enroll.service.EnrollServiceSvcApplicationTests" time="0.006">
    <system-out><![CDATA[2025-02-02T18:11:33.935+05:30  INFO 22008 --- [enroll-service-svc] [           main] t.c.s.AnnotationConfigContextLoaderUtils : Could not detect default configuration classes for test class [com.practice.enroll.service.EnrollServiceSvcApplicationTests]: EnrollServiceSvcApplicationTests does not declare any static, non-private, non-final, nested classes annotated with @Configuration.
2025-02-02T18:11:33.943+05:30  INFO 22008 --- [enroll-service-svc] [           main] .b.t.c.SpringBootTestContextBootstrapper : Found @SpringBootConfiguration com.practice.enroll.service.EnrollServiceSvcApplication for test class com.practice.enroll.service.EnrollServiceSvcApplicationTests

  .   ____          _            __ _ _
 /\\ / ___'_ __ _ _(_)_ __  __ _ \ \ \ \
( ( )\___ | '_ | '_| | '_ \/ _` | \ \ \ \
 \\/  ___)| |_)| | | | | || (_| |  ) ) ) )
  '  |____| .__|_| |_|_| |_\__, | / / / /
 =========|_|==============|___/=/_/_/_/

 :: Spring Boot ::                (v3.4.2)

2025-02-02T18:11:33.995+05:30  WARN 22008 --- [enroll-service-svc] [           main] ory$DuplicateJsonObjectContextCustomizer : 

Found multiple occurrences of org.json.JSONObject on the class path:

	jar:file:/C:/Users/sriram_dhanaraj/.m2/repository/com/vaadin/external/google/android-json/0.0.20131108.vaadin1/android-json-0.0.20131108.vaadin1.jar!/org/json/JSONObject.class
	jar:file:/C:/Users/sriram_dhanaraj/.m2/repository/org/json/json/20240205/json-20240205.jar!/org/json/JSONObject.class

You may wish to exclude one of them to ensure predictable runtime behavior

2025-02-02T18:11:33.997+05:30  INFO 22008 --- [enroll-service-svc] [           main] c.p.e.s.EnrollServiceSvcApplicationTests : Starting EnrollServiceSvcApplicationTests using Java 17.0.0.1 with PID 22008 (started by sriram_dhanaraj in C:\Users\sriram_dhanaraj\epam learn\Consumer Driven Contract Testing Mentoring Program #11\Task\Final_task\enroll-service-svc)
2025-02-02T18:11:33.997+05:30  INFO 22008 --- [enroll-service-svc] [           main] c.p.e.s.EnrollServiceSvcApplicationTests : No active profile set, falling back to 1 default profile: "default"
2025-02-02T18:11:34.278+05:30  INFO 22008 --- [enroll-service-svc] [           main] .s.d.r.c.RepositoryConfigurationDelegate : Bootstrapping Spring Data JPA repositories in DEFAULT mode.
2025-02-02T18:11:34.291+05:30  INFO 22008 --- [enroll-service-svc] [           main] .s.d.r.c.RepositoryConfigurationDelegate : Finished Spring Data repository scanning in 11 ms. Found 1 JPA repository interface.
2025-02-02T18:11:34.485+05:30  INFO 22008 --- [enroll-service-svc] [           main] com.zaxxer.hikari.HikariDataSource       : HikariPool-1 - Starting...
2025-02-02T18:11:34.501+05:30  INFO 22008 --- [enroll-service-svc] [           main] com.zaxxer.hikari.pool.HikariPool        : HikariPool-1 - Added connection conn6: url=jdbc:h2:mem:enrolldb user=SA
2025-02-02T18:11:34.504+05:30  INFO 22008 --- [enroll-service-svc] [           main] com.zaxxer.hikari.HikariDataSource       : HikariPool-1 - Start completed.
2025-02-02T18:11:34.532+05:30  INFO 22008 --- [enroll-service-svc] [           main] o.hibernate.jpa.internal.util.LogHelper  : HHH000204: Processing PersistenceUnitInfo [name: default]
2025-02-02T18:11:34.537+05:30  INFO 22008 --- [enroll-service-svc] [           main] o.h.c.internal.RegionFactoryInitiator    : HHH000026: Second-level cache disabled
2025-02-02T18:11:34.550+05:30  INFO 22008 --- [enroll-service-svc] [           main] o.s.o.j.p.SpringPersistenceUnitInfo      : No LoadTimeWeaver setup: ignoring JPA class transformer
2025-02-02T18:11:34.552+05:30  WARN 22008 --- [enroll-service-svc] [           main] org.hibernate.orm.deprecation            : HHH90000025: H2Dialect does not need to be specified explicitly using 'hibernate.dialect' (remove the property setting and it will be selected by default)
2025-02-02T18:11:34.553+05:30  INFO 22008 --- [enroll-service-svc] [           main] org.hibernate.orm.connections.pooling    : HHH10001005: Database info:
	Database JDBC URL [Connecting through datasource 'HikariDataSource (HikariPool-1)']
	Database driver: undefined/unknown
	Database version: 2.3.232
	Autocommit mode: undefined/unknown
	Isolation level: undefined/unknown
	Minimum pool size: undefined/unknown
	Maximum pool size: undefined/unknown
2025-02-02T18:11:34.593+05:30  INFO 22008 --- [enroll-service-svc] [           main] o.h.e.t.j.p.i.JtaPlatformInitiator       : HHH000489: No JTA platform available (set 'hibernate.transaction.jta.platform' to enable JTA platform integration)
2025-02-02T18:11:34.598+05:30  INFO 22008 --- [enroll-service-svc] [           main] j.LocalContainerEntityManagerFactoryBean : Initialized JPA EntityManagerFactory for persistence unit 'default'
2025-02-02T18:11:34.787+05:30  WARN 22008 --- [enroll-service-svc] [           main] JpaBaseConfiguration$JpaWebConfiguration : spring.jpa.open-in-view is enabled by default. Therefore, database queries may be performed during view rendering. Explicitly configure spring.jpa.open-in-view to disable this warning
2025-02-02T18:11:35.071+05:30  INFO 22008 --- [enroll-service-svc] [           main] o.s.b.a.h2.H2ConsoleAutoConfiguration    : H2 console available at '/h2-console'. Database available at 'jdbc:h2:mem:enrolldb'
2025-02-02T18:11:35.123+05:30  INFO 22008 --- [enroll-service-svc] [           main] c.p.e.s.EnrollServiceSvcApplicationTests : Started EnrollServiceSvcApplicationTests in 1.169 seconds (process running for 7.101)
]]></system-out>
  </testcase>
</testsuite>