<?xml version="1.0" encoding="UTF-8"?>
<testsuite xmlns:xsi="http://www.w3.org/2001/XMLSchema-instance" xsi:noNamespaceSchemaLocation="https://maven.apache.org/surefire/maven-surefire-plugin/xsd/surefire-test-report.xsd" version="3.0.2" name="com.practice.enroll.service.contracts.ContractForStudentSvcTest" time="1.565" tests="2" errors="0" skipped="0" failures="0">
  <properties>
[...]
</properties>
  <testcase name="createStudent_beforeEnroll(MockServer)" classname="com.practice.enroll.service.contracts.ContractForStudentSvcTest" time="1.28">
    <system-out><![CDATA[18:11:29.819 [Thread-2] WARN au.com.dius.pact.core.support.Metrics -- 
            Please note: we are tracking events anonymously to gather important usage statistics like JVM version
            and operating system. To disable tracking, set the 'pact_do_not_track' system property or environment
            variable to 'true'.
            
]]></system-out>
  </testcase>
  <testcase name="checkStudent_beforeEnroll(MockServer)" classname="com.practice.enroll.service.contracts.ContractForStudentSvcTest" time="0.133"/>
</testsuite>